app/build/intermediates/manifest_merge_blame_file/release/processReleaseMainManifest/manifest-merger-blame-release-report.txt
1<?xml version="1.0" encoding="utf-8"?>
2<manifest xmlns:android="http://schemas.android.com/apk/res/android"
3    package="com.mycallenderjr"
4    android:versionCode="72"
5    android:versionName="72" >
6
7    <uses-sdk
8        android:minSdkVersion="21"
9        android:targetSdkVersion="35" />
10
11    <uses-permission android:name="android.permission.READ_CALENDAR" />
11-->src/main/AndroidManifest.xml:4:5-72
11-->src/main/AndroidManifest.xml:4:22-69
12    <uses-permission android:name="android.permission.WRITE_CALENDAR" />
12-->src/main/AndroidManifest.xml:5:5-73
12-->src/main/AndroidManifest.xml:5:22-70
13
14    <application
14-->src/main/AndroidManifest.xml:6:5-33:19
15        android:allowBackup="false"
15-->src/main/AndroidManifest.xml:7:9-36
16        android:extractNativeLibs="true"
17        android:icon="@drawable/ic_calendar_launcher"
17-->src/main/AndroidManifest.xml:8:9-54
18        android:label="@string/app_name" >
18-->src/main/AndroidManifest.xml:9:9-41
19        <activity
19-->src/main/AndroidManifest.xml:11:9-19:20
20            android:name="com.example.myhelloworld.MainActivity"
20-->src/main/AndroidManifest.xml:12:13-41
21            android:exported="true"
21-->src/main/AndroidManifest.xml:13:13-36
22            android:windowSoftInputMode="adjustResize" >
22-->src/main/AndroidManifest.xml:14:13-55
23            <intent-filter>
23-->src/main/AndroidManifest.xml:15:13-18:29
24                <action android:name="android.intent.action.MAIN" />
24-->src/main/AndroidManifest.xml:16:17-69
24-->src/main/AndroidManifest.xml:16:25-66
25
26                <category android:name="android.intent.category.LAUNCHER" />
26-->src/main/AndroidManifest.xml:17:17-77
26-->src/main/AndroidManifest.xml:17:27-74
27            </intent-filter>
28        </activity>
29        <activity
29-->src/main/AndroidManifest.xml:20:9-23:58
30            android:name="com.example.myhelloworld.ShiftActivity"
30-->src/main/AndroidManifest.xml:21:13-42
31            android:exported="false"
31-->src/main/AndroidManifest.xml:22:13-37
32            android:windowSoftInputMode="adjustResize" />
32-->src/main/AndroidManifest.xml:23:13-55
33        <activity
33-->src/main/AndroidManifest.xml:24:9-27:58
34            android:name="com.example.myhelloworld.TodoActivity"
34-->src/main/AndroidManifest.xml:25:13-41
35            android:exported="false"
35-->src/main/AndroidManifest.xml:26:13-37
36            android:windowSoftInputMode="adjustResize" />
36-->src/main/AndroidManifest.xml:27:13-55
37        <activity
37-->src/main/AndroidManifest.xml:28:9-31:58
38            android:name="com.example.myhelloworld.DiaryActivity"
38-->src/main/AndroidManifest.xml:29:13-42
39            android:exported="false"
39-->src/main/AndroidManifest.xml:30:13-37
40            android:windowSoftInputMode="adjustResize" />
40-->src/main/AndroidManifest.xml:31:13-55
41    </application>
42
43</manifest>